<?xml version="1.0" encoding="UTF-8"?>
<coverage generated="1614829921423" clover="3.2.0">
  <project timestamp="1614829921424" name="All files">
    <metrics statements="21" coveredstatements="17" conditionals="2" coveredconditionals="1" methods="9" coveredmethods="7" elements="32" coveredelements="25" complexity="0" loc="21" ncloc="21" packages="2" files="3" classes="3"/>
    <package name="src">
      <metrics statements="17" coveredstatements="13" conditionals="2" coveredconditionals="1" methods="8" coveredmethods="6"/>
      <file name="logic.js" path="C:\Users\Hugo\es6-game\src\logic.js">
        <metrics statements="5" coveredstatements="4" conditionals="2" coveredconditionals="1" methods="1" coveredmethods="1"/>
        <line num="1" count="1" type="stmt"/>
        <line num="2" count="1" type="stmt"/>
        <line num="3" count="1" type="cond" truecount="1" falsecount="1"/>
        <line num="4" count="0" type="stmt"/>
        <line num="6" count="1" type="stmt"/>
      </file>
      <file name="player.js" path="C:\Users\Hugo\es6-game\src\player.js">
        <metrics statements="12" coveredstatements="9" conditionals="0" coveredconditionals="0" methods="7" coveredmethods="5"/>
        <line num="3" count="3" type="stmt"/>
        <line num="12" count="1" type="stmt"/>
        <line num="16" count="2" type="stmt"/>
        <line num="17" count="2" type="stmt"/>
        <line num="21" count="2" type="stmt"/>
        <line num="25" count="0" type="stmt"/>
        <line num="29" count="1" type="stmt"/>
        <line num="30" count="1" type="stmt"/>
        <line num="31" count="1" type="stmt"/>
        <line num="35" count="0" type="stmt"/>
        <line num="36" count="0" type="stmt"/>
        <line num="40" count="2" type="stmt"/>
      </file>
    </package>
    <package name="src.functions">
      <metrics statements="4" coveredstatements="4" conditionals="0" coveredconditionals="0" methods="1" coveredmethods="1"/>
      <file name="index.js" path="C:\Users\Hugo\es6-game\src\functions\index.js">
        <metrics statements="4" coveredstatements="4" conditionals="0" coveredconditionals="0" methods="1" coveredmethods="1"/>
        <line num="4" count="2" type="stmt"/>
        <line num="5" count="2" type="stmt"/>
        <line num="6" count="2" type="stmt"/>
        <line num="7" count="2" type="stmt"/>
      </file>
    </package>
  </project>
</coverage>
