{"C:\\Users\\Hugo\\es6-game\\src\\logic.js": {"path":"C:\\Users\\Hugo\\es6-game\\src\\logic.js","statementMap":{"0":{"start":{"line":1,"column":22},"end":{"line":8,"column":1}},"1":{"start":{"line":2,"column":2},"end":{"line":2,"column":31}},"2":{"start":{"line":3,"column":2},"end":{"line":7,"column":3}},"3":{"start":{"line":4,"column":4},"end":{"line":4,"column":19}},"4":{"start":{"line":6,"column":4},"end":{"line":6,"column":26}}},"fnMap":{"0":{"name":"(anonymous_0)","decl":{"start":{"line":1,"column":22},"end":{"line":1,"column":23}},"loc":{"start":{"line":1,"column":34},"end":{"line":8,"column":1}},"line":1}},"branchMap":{"0":{"loc":{"start":{"line":3,"column":2},"end":{"line":7,"column":3}},"type":"if","locations":[{"start":{"line":3,"column":2},"end":{"line":7,"column":3}},{"start":{"line":3,"column":2},"end":{"line":7,"column":3}}],"line":3}},"s":{"0":1,"1":1,"2":1,"3":0,"4":1},"f":{"0":1},"b":{"0":[0,1]},"_coverageSchema":"1a1c01bbd47fc00a2c39e90264f33305004495a9","hash":"c06cef6d78b5cbe9a5756ec1779de38f4da80693"}
,"C:\\Users\\Hugo\\es6-game\\src\\player.js": {"path":"C:\\Users\\Hugo\\es6-game\\src\\player.js","statementMap":{"0":{"start":{"line":3,"column":4},"end":{"line":8,"column":21}},"1":{"start":{"line":12,"column":4},"end":{"line":12,"column":40}},"2":{"start":{"line":16,"column":18},"end":{"line":16,"column":61}},"3":{"start":{"line":17,"column":4},"end":{"line":17,"column":36}},"4":{"start":{"line":21,"column":4},"end":{"line":21,"column":24}},"5":{"start":{"line":25,"column":4},"end":{"line":25,"column":23}},"6":{"start":{"line":29,"column":17},"end":{"line":29,"column":39}},"7":{"start":{"line":30,"column":4},"end":{"line":30,"column":31}},"8":{"start":{"line":31,"column":4},"end":{"line":31,"column":28}},"9":{"start":{"line":35,"column":4},"end":{"line":35,"column":22}},"10":{"start":{"line":36,"column":4},"end":{"line":36,"column":43}},"11":{"start":{"line":40,"column":0},"end":{"line":40,"column":23}}},"fnMap":{"0":{"name":"(anonymous_0)","decl":{"start":{"line":2,"column":2},"end":{"line":2,"column":3}},"loc":{"start":{"line":2,"column":19},"end":{"line":9,"column":3}},"line":2},"1":{"name":"(anonymous_1)","decl":{"start":{"line":11,"column":2},"end":{"line":11,"column":3}},"loc":{"start":{"line":11,"column":13},"end":{"line":13,"column":3}},"line":11},"2":{"name":"(anonymous_2)","decl":{"start":{"line":15,"column":2},"end":{"line":15,"column":3}},"loc":{"start":{"line":15,"column":19},"end":{"line":18,"column":3}},"line":15},"3":{"name":"(anonymous_3)","decl":{"start":{"line":20,"column":2},"end":{"line":20,"column":3}},"loc":{"start":{"line":20,"column":19},"end":{"line":22,"column":3}},"line":20},"4":{"name":"(anonymous_4)","decl":{"start":{"line":24,"column":2},"end":{"line":24,"column":3}},"loc":{"start":{"line":24,"column":14},"end":{"line":26,"column":3}},"line":24},"5":{"name":"(anonymous_5)","decl":{"start":{"line":28,"column":2},"end":{"line":28,"column":3}},"loc":{"start":{"line":28,"column":17},"end":{"line":32,"column":3}},"line":28},"6":{"name":"(anonymous_6)","decl":{"start":{"line":34,"column":2},"end":{"line":34,"column":3}},"loc":{"start":{"line":34,"column":7},"end":{"line":37,"column":3}},"line":34}},"branchMap":{},"s":{"0":3,"1":1,"2":2,"3":2,"4":2,"5":0,"6":1,"7":1,"8":1,"9":0,"10":0,"11":2},"f":{"0":3,"1":1,"2":2,"3":2,"4":0,"5":1,"6":0},"b":{},"_coverageSchema":"1a1c01bbd47fc00a2c39e90264f33305004495a9","hash":"9d7ccff25c9a6c7eb6e9560b62af0b28d86bf512"}
,"C:\\Users\\Hugo\\es6-game\\src\\functions\\index.js": {"path":"C:\\Users\\Hugo\\es6-game\\src\\functions\\index.js","statementMap":{"0":{"start":{"line":4,"column":26},"end":{"line":8,"column":1}},"1":{"start":{"line":5,"column":13},"end":{"line":5,"column":57}},"2":{"start":{"line":6,"column":12},"end":{"line":6,"column":29}},"3":{"start":{"line":7,"column":2},"end":{"line":7,"column":12}}},"fnMap":{"0":{"name":"(anonymous_0)","decl":{"start":{"line":4,"column":26},"end":{"line":4,"column":27}},"loc":{"start":{"line":4,"column":37},"end":{"line":8,"column":1}},"line":4}},"branchMap":{},"s":{"0":2,"1":2,"2":2,"3":2},"f":{"0":2},"b":{},"_coverageSchema":"1a1c01bbd47fc00a2c39e90264f33305004495a9","hash":"cf5ad3d448dc204b4bdbc4abe98eb9fbbafdcbaa"}
}
